<?xml version="1.0" encoding="UTF-8"?>
<!-- Generated by org.testng.reporters.JUnitXMLReporter -->
<testsuite hostname="KRISHNAMURTHY" ignored="0" name="Test" tests="1" failures="0" timestamp="2022-06-16T12:36:49 IST" time="46.101" errors="0">
  <testcase name="@BeforeClass bc" time="45.827" classname="com.crm.comcast.generic_utilities.BaseClass">
    <failure type="org.openqa.selenium.WebDriverException" message="Timed out waiting for driver server to start.
Build info: version: &amp;apos;3.141.59&amp;apos;, revision: &amp;apos;e82be7d358&amp;apos;, time: &amp;apos;2018-11-14T08:17:03&amp;apos;
System info: host: &amp;apos;KRISHNAMURTHY&amp;apos;, ip: &amp;apos;192.168.139.1&amp;apos;, os.name: &amp;apos;Windows 10&amp;apos;, os.arch: &amp;apos;amd64&amp;apos;, os.version: &amp;apos;10.0&amp;apos;, java.version: &amp;apos;1.8.0_291&amp;apos;
Driver info: driver.version: ChromeDriver">
      <![CDATA[org.openqa.selenium.WebDriverException: Timed out waiting for driver server to start.
Build info: version: '3.141.59', revision: 'e82be7d358', time: '2018-11-14T08:17:03'
System info: host: 'KRISHNAMURTHY', ip: '192.168.139.1', os.name: 'Windows 10', os.arch: 'amd64', os.version: '10.0', java.version: '1.8.0_291'
Driver info: driver.version: ChromeDriver
at org.openqa.selenium.remote.service.DriverService.waitUntilAvailable(DriverService.java:202)
at org.openqa.selenium.remote.service.DriverService.start(DriverService.java:188)
at org.openqa.selenium.remote.service.DriverCommandExecutor.execute(DriverCommandExecutor.java:79)
at org.openqa.selenium.remote.RemoteWebDriver.execute(RemoteWebDriver.java:552)
at org.openqa.selenium.remote.RemoteWebDriver.startSession(RemoteWebDriver.java:213)
at org.openqa.selenium.remote.RemoteWebDriver.<init>(RemoteWebDriver.java:131)
at org.openqa.selenium.chrome.ChromeDriver.<init>(ChromeDriver.java:181)
at org.openqa.selenium.chrome.ChromeDriver.<init>(ChromeDriver.java:168)
at org.openqa.selenium.chrome.ChromeDriver.<init>(ChromeDriver.java:123)
at com.crm.comcast.generic_utilities.BaseClass.bc(BaseClass.java:52)
at java.util.ArrayList.forEach(ArrayList.java:1259)
Caused by: org.openqa.selenium.net.UrlChecker$TimeoutException: Timed out waiting for [http://localhost:30509/status] to be available after 20046 ms
at org.openqa.selenium.net.UrlChecker.waitUntilAvailable(UrlChecker.java:100)
at org.openqa.selenium.remote.service.DriverService.waitUntilAvailable(DriverService.java:197)
... 35 more
Caused by: java.util.concurrent.TimeoutException
at java.util.concurrent.FutureTask.get(FutureTask.java:205)
at com.google.common.util.concurrent.SimpleTimeLimiter.callWithTimeout(SimpleTimeLimiter.java:156)
at org.openqa.selenium.net.UrlChecker.waitUntilAvailable(UrlChecker.java:75)
... 36 more
... Removed 25 stack frames]]>
    </failure>
  </testcase> <!-- @BeforeClass bc -->
  <testcase name="@BeforeMethod bm" time="-1.655363209422E9" classname="com.crm.comcast.generic_utilities.BaseClass">
    <skipped/>
  </testcase> <!-- @BeforeMethod bm -->
  <testcase name="@AfterMethod am" time="-1.655363209441E9" classname="com.crm.comcast.generic_utilities.BaseClass">
    <skipped/>
  </testcase> <!-- @AfterMethod am -->
  <testcase name="@AfterClass ac" time="-1.655363209448E9" classname="com.crm.comcast.generic_utilities.BaseClass">
    <skipped/>
  </testcase> <!-- @AfterClass ac -->
  <testcase name="createOrgTest" time="0.0" classname="com.crm.comcast.organizationTest.CreateOrgTest">
    <skipped/>
  </testcase> <!-- createOrgTest -->
</testsuite> <!-- Test -->
